0 verbose cli /usr/bin/node /usr/sbin/npm
1 info using npm@11.6.3
2 info using node@v25.2.1
3 silly config load:file:/usr/lib/node_modules/npm/npmrc
4 silly config load:file:/home/ukv/projects/TutorialHub_Backend/.npmrc
5 silly config load:file:/home/ukv/.npmrc
6 silly config load:file:/etc/npmrc
7 verbose title npm install
8 verbose argv "install" "--package-lock-only"
9 verbose logfile logs-max:10 dir:/home/ukv/projects/TutorialHub_Backend/.npm-cache/_logs/2025-12-03T20_00_56_538Z-
10 verbose logfile /home/ukv/projects/TutorialHub_Backend/.npm-cache/_logs/2025-12-03T20_00_56_538Z-debug-0.log
11 silly logfile done cleaning log files
12 silly packumentCache heap:4496293888 maxSize:1124073472 maxEntrySize:562036736
13 silly idealTree buildDeps
14 silly fetch manifest dotenv@^16.4.5
15 silly packumentCache full:https://registry.npmjs.org/dotenv cache-miss
16 http fetch GET 200 https://registry.npmjs.org/dotenv 304ms (cache miss)
17 silly packumentCache full:https://registry.npmjs.org/dotenv set size:undefined disposed:false
18 silly placeDep ROOT dotenv@16.6.1 OK for: server@1.0.0 want: ^16.4.5
19 silly audit bulk request {
19 silly audit   '@esbuild/aix-ppc64': [ '0.27.0', '0.21.5' ],
19 silly audit   '@esbuild/android-arm': [ '0.27.0', '0.21.5' ],
19 silly audit   '@esbuild/android-arm64': [ '0.27.0', '0.21.5' ],
19 silly audit   '@esbuild/android-x64': [ '0.27.0', '0.21.5' ],
19 silly audit   '@esbuild/darwin-arm64': [ '0.27.0', '0.21.5' ],
19 silly audit   '@esbuild/darwin-x64': [ '0.27.0', '0.21.5' ],
19 silly audit   '@esbuild/freebsd-arm64': [ '0.27.0', '0.21.5' ],
19 silly audit   '@esbuild/freebsd-x64': [ '0.27.0', '0.21.5' ],
19 silly audit   '@esbuild/linux-arm': [ '0.27.0', '0.21.5' ],
19 silly audit   '@esbuild/linux-arm64': [ '0.27.0', '0.21.5' ],
19 silly audit   '@esbuild/linux-ia32': [ '0.27.0', '0.21.5' ],
19 silly audit   '@esbuild/linux-loong64': [ '0.27.0', '0.21.5' ],
19 silly audit   '@esbuild/linux-mips64el': [ '0.27.0', '0.21.5' ],
19 silly audit   '@esbuild/linux-ppc64': [ '0.27.0', '0.21.5' ],
19 silly audit   '@esbuild/linux-riscv64': [ '0.27.0', '0.21.5' ],
19 silly audit   '@esbuild/linux-s390x': [ '0.27.0', '0.21.5' ],
19 silly audit   '@esbuild/linux-x64': [ '0.27.0', '0.21.5' ],
19 silly audit   '@esbuild/netbsd-arm64': [ '0.27.0' ],
19 silly audit   '@esbuild/netbsd-x64': [ '0.27.0', '0.21.5' ],
19 silly audit   '@esbuild/openbsd-arm64': [ '0.27.0' ],
19 silly audit   '@esbuild/openbsd-x64': [ '0.27.0', '0.21.5' ],
19 silly audit   '@esbuild/openharmony-arm64': [ '0.27.0' ],
19 silly audit   '@esbuild/sunos-x64': [ '0.27.0', '0.21.5' ],
19 silly audit   '@esbuild/win32-arm64': [ '0.27.0', '0.21.5' ],
19 silly audit   '@esbuild/win32-ia32': [ '0.27.0', '0.21.5' ],
19 silly audit   '@esbuild/win32-x64': [ '0.27.0', '0.21.5' ],
19 silly audit   '@jest/schemas': [ '29.6.3' ],
19 silly audit   '@jridgewell/sourcemap-codec': [ '1.5.5' ],
19 silly audit   '@noble/hashes': [ '1.8.0' ],
19 silly audit   '@paralleldrive/cuid2': [ '2.3.1' ],
19 silly audit   '@rollup/rollup-android-arm-eabi': [ '4.53.3' ],
19 silly audit   '@rollup/rollup-android-arm64': [ '4.53.3' ],
19 silly audit   '@rollup/rollup-darwin-arm64': [ '4.53.3' ],
19 silly audit   '@rollup/rollup-darwin-x64': [ '4.53.3' ],
19 silly audit   '@rollup/rollup-freebsd-arm64': [ '4.53.3' ],
19 silly audit   '@rollup/rollup-freebsd-x64': [ '4.53.3' ],
19 silly audit   '@rollup/rollup-linux-arm-gnueabihf': [ '4.53.3' ],
19 silly audit   '@rollup/rollup-linux-arm-musleabihf': [ '4.53.3' ],
19 silly audit   '@rollup/rollup-linux-arm64-gnu': [ '4.53.3' ],
19 silly audit   '@rollup/rollup-linux-arm64-musl': [ '4.53.3' ],
19 silly audit   '@rollup/rollup-linux-loong64-gnu': [ '4.53.3' ],
19 silly audit   '@rollup/rollup-linux-ppc64-gnu': [ '4.53.3' ],
19 silly audit   '@rollup/rollup-linux-riscv64-gnu': [ '4.53.3' ],
19 silly audit   '@rollup/rollup-linux-riscv64-musl': [ '4.53.3' ],
19 silly audit   '@rollup/rollup-linux-s390x-gnu': [ '4.53.3' ],
19 silly audit   '@rollup/rollup-linux-x64-gnu': [ '4.53.3' ],
19 silly audit   '@rollup/rollup-linux-x64-musl': [ '4.53.3' ],
19 silly audit   '@rollup/rollup-openharmony-arm64': [ '4.53.3' ],
19 silly audit   '@rollup/rollup-win32-arm64-msvc': [ '4.53.3' ],
19 silly audit   '@rollup/rollup-win32-ia32-msvc': [ '4.53.3' ],
19 silly audit   '@rollup/rollup-win32-x64-gnu': [ '4.53.3' ],
19 silly audit   '@rollup/rollup-win32-x64-msvc': [ '4.53.3' ],
19 silly audit   '@sinclair/typebox': [ '0.27.8' ],
19 silly audit   '@types/body-parser': [ '1.19.6' ],
19 silly audit   '@types/connect': [ '3.4.38' ],
19 silly audit   '@types/cookiejar': [ '2.1.5' ],
19 silly audit   '@types/cors': [ '2.8.19' ],
19 silly audit   '@types/estree': [ '1.0.8' ],
19 silly audit   '@types/express': [ '5.0.6' ],
19 silly audit   '@types/express-serve-static-core': [ '5.1.0' ],
19 silly audit   '@types/http-errors': [ '2.0.5' ],
19 silly audit   '@types/methods': [ '1.1.4' ],
19 silly audit   '@types/node': [ '20.19.25' ],
19 silly audit   '@types/qs': [ '6.14.0' ],
19 silly audit   '@types/range-parser': [ '1.2.7' ],
19 silly audit   '@types/send': [ '1.2.1' ],
19 silly audit   '@types/serve-static': [ '2.2.0' ],
19 silly audit   '@types/superagent': [ '8.1.9' ],
19 silly audit   '@types/supertest': [ '6.0.3' ],
19 silly audit   '@vitest/expect': [ '1.6.1' ],
19 silly audit   '@vitest/runner': [ '1.6.1' ],
19 silly audit   '@vitest/snapshot': [ '1.6.1' ],
19 silly audit   '@vitest/spy': [ '1.6.1' ],
19 silly audit   '@vitest/utils': [ '1.6.1' ],
19 silly audit   accepts: [ '2.0.0' ],
19 silly audit   acorn: [ '8.15.0' ],
19 silly audit   'acorn-walk': [ '8.3.4' ],
19 silly audit   'ansi-styles': [ '5.2.0' ],
19 silly audit   asap: [ '2.0.6' ],
19 silly audit   'assertion-error': [ '1.1.0' ],
19 silly audit   asynckit: [ '0.4.0' ],
19 silly audit   'body-parser': [ '2.2.1' ],
19 silly audit   bytes: [ '3.1.2' ],
19 silly audit   cac: [ '6.7.14' ],
19 silly audit   'call-bind-apply-helpers': [ '1.0.2' ],
19 silly audit   'call-bound': [ '1.0.4' ],
19 silly audit   chai: [ '4.5.0' ],
19 silly audit   'check-error': [ '1.0.3' ],
19 silly audit   'combined-stream': [ '1.0.8' ],
19 silly audit   'component-emitter': [ '1.3.1' ],
19 silly audit   confbox: [ '0.1.8' ],
19 silly audit   'content-disposition': [ '1.0.1' ],
19 silly audit   'content-type': [ '1.0.5' ],
19 silly audit   cookie: [ '0.7.2' ],
19 silly audit   'cookie-signature': [ '1.2.2' ],
19 silly audit   cookiejar: [ '2.1.4' ],
19 silly audit   cors: [ '2.8.5' ],
19 silly audit   'cross-spawn': [ '7.0.6' ],
19 silly audit   debug: [ '4.4.3' ],
19 silly audit   'deep-eql': [ '4.1.4' ],
19 silly audit   'delayed-stream': [ '1.0.0' ],
19 silly audit   depd: [ '2.0.0' ],
19 silly audit   dezalgo: [ '1.0.4' ],
19 silly audit   'diff-sequences': [ '29.6.3' ],
19 silly audit   'dunder-proto': [ '1.0.1' ],
19 silly audit   'ee-first': [ '1.1.1' ],
19 silly audit   encodeurl: [ '2.0.0' ],
19 silly audit   'es-define-property': [ '1.0.1' ],
19 silly audit   'es-errors': [ '1.3.0' ],
19 silly audit   'es-object-atoms': [ '1.1.1' ],
19 silly audit   'es-set-tostringtag': [ '2.1.0' ],
19 silly audit   esbuild: [ '0.27.0', '0.21.5' ],
19 silly audit   'escape-html': [ '1.0.3' ],
19 silly audit   'estree-walker': [ '3.0.3' ],
19 silly audit   etag: [ '1.8.1' ],
19 silly audit   execa: [ '8.0.1' ],
19 silly audit   express: [ '5.2.1' ],
19 silly audit   'fast-safe-stringify': [ '2.1.1' ],
19 silly audit   finalhandler: [ '2.1.1' ],
19 silly audit   'form-data': [ '4.0.5' ],
19 silly audit   'mime-db': [ '1.52.0', '1.54.0' ],
19 silly audit   'mime-types': [ '2.1.35', '3.0.2' ],
19 silly audit   formidable: [ '2.1.5' ],
19 silly audit   forwarded: [ '0.2.0' ],
19 silly audit   fresh: [ '2.0.0' ],
19 silly audit   fsevents: [ '2.3.3' ],
19 silly audit   'function-bind': [ '1.1.2' ],
19 silly audit   'get-func-name': [ '2.0.2' ],
19 silly audit   'get-intrinsic': [ '1.3.0' ],
19 silly audit   'get-proto': [ '1.0.1' ],
19 silly audit   'get-stream': [ '8.0.1' ],
19 silly audit   'get-tsconfig': [ '4.13.0' ],
19 silly audit   gopd: [ '1.2.0' ],
19 silly audit   'has-symbols': [ '1.1.0' ],
19 silly audit   'has-tostringtag': [ '1.0.2' ],
19 silly audit   hasown: [ '2.0.2' ],
19 silly audit   'http-errors': [ '2.0.1' ],
19 silly audit   'human-signals': [ '5.0.0' ],
19 silly audit   'iconv-lite': [ '0.7.0' ],
19 silly audit   inherits: [ '2.0.4' ],
19 silly audit   'ipaddr.js': [ '1.9.1' ],
19 silly audit   'is-promise': [ '4.0.0' ],
19 silly audit   'is-stream': [ '3.0.0' ],
19 silly audit   isexe: [ '2.0.0' ],
19 silly audit   'js-tokens': [ '9.0.1' ],
19 silly audit   'local-pkg': [ '0.5.1' ],
19 silly audit   loupe: [ '2.3.7' ],
19 silly audit   'magic-string': [ '0.30.21' ],
19 silly audit   'math-intrinsics': [ '1.1.0' ],
19 silly audit   'media-typer': [ '1.1.0' ],
19 silly audit   'merge-descriptors': [ '2.0.0' ],
19 silly audit   'merge-stream': [ '2.0.0' ],
19 silly audit   methods: [ '1.1.2' ],
19 silly audit   mime: [ '2.6.0' ],
19 silly audit   'mimic-fn': [ '4.0.0' ],
19 silly audit   mlly: [ '1.8.0' ],
19 silly audit   pathe: [ '2.0.3', '1.1.2' ],
19 silly audit   ms: [ '2.1.3' ],
19 silly audit   nanoid: [ '3.3.11' ],
19 silly audit   negotiator: [ '1.0.0' ],
19 silly audit   'npm-run-path': [ '5.3.0' ],
19 silly audit   'path-key': [ '4.0.0', '3.1.1' ],
19 silly audit   'object-assign': [ '4.1.1' ],
19 silly audit   'object-inspect': [ '1.13.4' ],
19 silly audit   'on-finished': [ '2.4.1' ],
19 silly audit   once: [ '1.4.0' ],
19 silly audit   onetime: [ '6.0.0' ],
19 silly audit   'p-limit': [ '5.0.0' ],
19 silly audit   parseurl: [ '1.3.3' ],
19 silly audit   'path-to-regexp': [ '8.3.0' ],
19 silly audit   pathval: [ '1.1.1' ],
19 silly audit   picocolors: [ '1.1.1' ],
19 silly audit   'pkg-types': [ '1.3.1' ],
19 silly audit   postcss: [ '8.5.6' ],
19 silly audit   'pretty-format': [ '29.7.0' ],
19 silly audit   'proxy-addr': [ '2.0.7' ],
19 silly audit   qs: [ '6.14.0' ],
19 silly audit   'range-parser': [ '1.2.1' ],
19 silly audit   'raw-body': [ '3.0.2' ],
19 silly audit   'react-is': [ '18.3.1' ],
19 silly audit   'resolve-pkg-maps': [ '1.0.0' ],
19 silly audit   rollup: [ '4.53.3' ],
19 silly audit   router: [ '2.2.0' ],
19 silly audit   'safer-buffer': [ '2.1.2' ],
19 silly audit   semver: [ '7.7.3' ],
19 silly audit   send: [ '1.2.0' ],
19 silly audit   'serve-static': [ '2.2.0' ],
19 silly audit   setprototypeof: [ '1.2.0' ],
19 silly audit   'shebang-command': [ '2.0.0' ],
19 silly audit   'shebang-regex': [ '3.0.0' ],
19 silly audit   'side-channel': [ '1.1.0' ],
19 silly audit   'side-channel-list': [ '1.0.0' ],
19 silly audit   'side-channel-map': [ '1.0.1' ],
19 silly audit   'side-channel-weakmap': [ '1.0.2' ],
19 silly audit   siginfo: [ '2.0.0' ],
19 silly audit   'signal-exit': [ '4.1.0' ],
19 silly audit   'source-map-js': [ '1.2.1' ],
19 silly audit   stackback: [ '0.0.2' ],
19 silly audit   statuses: [ '2.0.2' ],
19 silly audit   'std-env': [ '3.10.0' ],
19 silly audit   'strip-final-newline': [ '3.0.0' ],
19 silly audit   'strip-literal': [ '2.1.1' ],
19 silly audit   superagent: [ '8.1.2' ],
19 silly audit   supertest: [ '6.3.4' ],
19 silly audit   tinybench: [ '2.9.0' ],
19 silly audit   tinypool: [ '0.8.4' ],
19 silly audit   tinyspy: [ '2.2.1' ],
19 silly audit   toidentifier: [ '1.0.1' ],
19 silly audit   tsx: [ '4.21.0' ],
19 silly audit   'type-detect': [ '4.1.0' ],
19 silly audit   'type-is': [ '2.0.1' ],
19 silly audit   typescript: [ '5.9.3' ],
19 silly audit   ufo: [ '1.6.1' ],
19 silly audit   'undici-types': [ '6.21.0' ],
19 silly audit   unpipe: [ '1.0.0' ],
19 silly audit   vary: [ '1.1.2' ],
19 silly audit   vite: [ '5.4.21' ],
19 silly audit   'vite-node': [ '1.6.1' ],
19 silly audit   vitest: [ '1.6.1' ],
19 silly audit   which: [ '2.0.2' ],
19 silly audit   'why-is-node-running': [ '2.3.0' ],
19 silly audit   wrappy: [ '1.0.2' ],
19 silly audit   'yocto-queue': [ '1.2.2' ],
19 silly audit   dotenv: [ '16.6.1' ]
19 silly audit }
20 http fetch GET 200 https://registry.npmjs.org/npm 410ms
21 http fetch POST 200 https://registry.npmjs.org/-/npm/v1/security/advisories/bulk 252ms
22 silly audit report {
22 silly audit report   esbuild: [
22 silly audit report     {
22 silly audit report       id: 1102341,
22 silly audit report       url: 'https://github.com/advisories/GHSA-67mh-4wv8-2f99',
22 silly audit report       title: 'esbuild enables any website to send any requests to the development server and read the response',
22 silly audit report       severity: 'moderate',
22 silly audit report       vulnerable_versions: '<=0.24.2',
22 silly audit report       cwe: [Array],
22 silly audit report       cvss: [Object]
22 silly audit report     }
22 silly audit report   ]
22 silly audit report }
23 silly packumentCache corgi:https://registry.npmjs.org/esbuild cache-miss
24 http fetch GET 200 https://registry.npmjs.org/esbuild 139ms (cache miss)
25 silly packumentCache corgi:https://registry.npmjs.org/esbuild set size:undefined disposed:false
26 silly packumentCache corgi:https://registry.npmjs.org/vite cache-miss
27 http fetch GET 200 https://registry.npmjs.org/vite 147ms (cache miss)
28 silly packumentCache corgi:https://registry.npmjs.org/vite set size:undefined disposed:false
29 silly packumentCache corgi:https://registry.npmjs.org/vite-node cache-miss
30 silly packumentCache corgi:https://registry.npmjs.org/vitest cache-miss
31 http fetch GET 200 https://registry.npmjs.org/vite-node 83ms (cache miss)
32 silly packumentCache corgi:https://registry.npmjs.org/vite-node set size:undefined disposed:false
33 http fetch GET 200 https://registry.npmjs.org/vitest 124ms (cache miss)
34 silly packumentCache corgi:https://registry.npmjs.org/vitest set size:undefined disposed:false
35 verbose cwd /home/ukv/projects/TutorialHub_Backend
36 verbose os Linux 6.17.8-arch1-1
37 verbose node v25.2.1
38 verbose npm  v11.6.3
39 notice
39 notice New patch version of npm available! 11.6.3 -> 11.6.4
39 notice Changelog: https://github.com/npm/cli/releases/tag/v11.6.4
39 notice To update run: npm install -g npm@11.6.4
39 notice  { force: true, Symbol(proc-log.meta): true }
40 verbose exit 0
41 info ok
